<?xml version="1.0" encoding="UTF-8"?>
<!-- Generated by org.testng.reporters.JUnitReportReporter -->
<testsuite hostname="tangxiaohua" name="com.newgfan.test.MainPage" tests="1" failures="0" timestamp="26 Oct 2016 03:21:39 GMT" time="12.625" errors="0">
  <testcase name="test" time="12.625" classname="com.newgfan.test.MainPage"/>
</testsuite> <!-- com.newgfan.test.MainPage -->
