<?xml version="1.0" encoding="UTF-8"?>
<!-- Generated by org.testng.reporters.JUnitReportReporter -->
<testsuite hostname="tangxiaohua" name="com.newgfan.test.NavigatorTest" tests="6" failures="0" timestamp="26 Oct 2016 04:09:25 GMT" time="88.079" errors="0">
  <testcase name="clickWemedia" time="10.743" classname="com.newgfan.test.NavigatorTest"/>
  <testcase name="clickComputer" time="16.304" classname="com.newgfan.test.NavigatorTest"/>
  <testcase name="clickJiaDian" time="19.454" classname="com.newgfan.test.NavigatorTest"/>
  <testcase name="clickSmart" time="13.722" classname="com.newgfan.test.NavigatorTest"/>
  <testcase name="clickBBS" time="10.466" classname="com.newgfan.test.NavigatorTest"/>
  <testcase name="clickOffice" time="17.390" classname="com.newgfan.test.NavigatorTest"/>
</testsuite> <!-- com.newgfan.test.NavigatorTest -->
