<?xml version="1.0" encoding="UTF-8"?>
<!-- Generated by org.testng.reporters.JUnitReportReporter -->
<testsuite hostname="tangxiaohua" name="com.newgfan.test.MainPage01" tests="3" failures="0" timestamp="26 Oct 2016 08:08:28 GMT" time="62.969" errors="0">
  <testcase name="leftBanner" time="30.654" classname="com.newgfan.test.MainPage01"/>
  <testcase name="topLine" time="22.673" classname="com.newgfan.test.MainPage01"/>
  <testcase name="topNav" time="9.642" classname="com.newgfan.test.MainPage01"/>
</testsuite> <!-- com.newgfan.test.MainPage01 -->
